EDA Netlist Writer report for CPU
<<<<<<< HEAD
Sun Mar 03 21:21:03 2024
Quartus Prime Version 18.1.1 Build 646 04/11/2019 SJ Lite Edition
=======
Mon Mar 04 13:52:41 2024
Quartus Prime Version 18.1.0 Build 625 09/12/2018 SJ Standard Edition
>>>>>>> main


---------------------
; Table of Contents ;
---------------------
  1. Legal Notice
  2. EDA Netlist Writer Summary
  3. Simulation Settings
  4. Simulation Generated Files
  5. EDA Netlist Writer Messages



----------------
; Legal Notice ;
----------------
Copyright (C) 2019  Intel Corporation. All rights reserved.
Your use of Intel Corporation's design tools, logic functions 
and other software and tools, and any partner logic 
functions, and any output files from any of the foregoing 
(including device programming or simulation files), and any 
associated documentation or information are expressly subject 
to the terms and conditions of the Intel Program License 
Subscription Agreement, the Intel Quartus Prime License Agreement,
the Intel FPGA IP License Agreement, or other applicable license
agreement, including, without limitation, that your use is for
the sole purpose of programming logic devices manufactured by
Intel and sold by Intel or its authorized distributors.  Please
refer to the applicable agreement for further details, at
https://fpgasoftware.intel.com/eula.



+-------------------------------------------------------------------+
; EDA Netlist Writer Summary                                        ;
+---------------------------+---------------------------------------+
<<<<<<< HEAD
; EDA Netlist Writer Status ; Successful - Sun Mar 03 21:21:03 2024 ;
=======
; EDA Netlist Writer Status ; Successful - Mon Mar 04 13:52:41 2024 ;
>>>>>>> main
; Revision Name             ; CPU                                   ;
; Top-level Entity Name     ; datapath                              ;
; Family                    ; Cyclone V                             ;
; Simulation Files Creation ; Successful                            ;
+---------------------------+---------------------------------------+


+-------------------------------------------------------------------------------------------------------------------------------+
; Simulation Settings                                                                                                           ;
+---------------------------------------------------------------------------------------------------+---------------------------+
; Option                                                                                            ; Setting                   ;
+---------------------------------------------------------------------------------------------------+---------------------------+
; Tool Name                                                                                         ; ModelSim-Altera (Verilog) ;
; Generate functional simulation netlist                                                            ; On                        ;
; Truncate long hierarchy paths                                                                     ; Off                       ;
; Map illegal HDL characters                                                                        ; Off                       ;
; Flatten buses into individual nodes                                                               ; Off                       ;
; Maintain hierarchy                                                                                ; Off                       ;
; Bring out device-wide set/reset signals as ports                                                  ; Off                       ;
; Enable glitch filtering                                                                           ; Off                       ;
; Do not write top level VHDL entity                                                                ; Off                       ;
; Disable detection of setup and hold time violations in the input registers of bi-directional pins ; Off                       ;
; Architecture name in VHDL output netlist                                                          ; structure                 ;
; Generate third-party EDA tool command script for RTL functional simulation                        ; Off                       ;
; Generate third-party EDA tool command script for gate-level simulation                            ; Off                       ;
+---------------------------------------------------------------------------------------------------+---------------------------+


<<<<<<< HEAD
+--------------------------------------------------------------------------------+
; Simulation Generated Files                                                     ;
+--------------------------------------------------------------------------------+
; Generated Files                                                                ;
+--------------------------------------------------------------------------------+
; C:/intelFPGA_lite/18.1/elec374CPUPhase1/CPU-Project/simulation/modelsim/CPU.vo ;
+--------------------------------------------------------------------------------+
=======
+---------------------------------------------------------+
; Simulation Generated Files                              ;
+---------------------------------------------------------+
; Generated Files                                         ;
+---------------------------------------------------------+
; C:/Users/19cmb13/CPU-Project/simulation/modelsim/CPU.vo ;
+---------------------------------------------------------+
>>>>>>> main


+-----------------------------+
; EDA Netlist Writer Messages ;
+-----------------------------+
Info: *******************************************************************
Info: Running Quartus Prime EDA Netlist Writer
<<<<<<< HEAD
    Info: Version 18.1.1 Build 646 04/11/2019 SJ Lite Edition
    Info: Processing started: Sun Mar 03 21:20:58 2024
Info: Command: quartus_eda --read_settings_files=off --write_settings_files=off CPU -c CPU
Warning (18236): Number of processors has not been specified which may cause overloading on shared machines.  Set the global assignment NUM_PARALLEL_PROCESSORS in your QSF to an appropriate value for best performance.
Info (204019): Generated file CPU.vo in folder "C:/intelFPGA_lite/18.1/elec374CPUPhase1/CPU-Project/simulation/modelsim/" for EDA simulation tool
Info: Quartus Prime EDA Netlist Writer was successful. 0 errors, 2 warnings
    Info: Peak virtual memory: 4722 megabytes
    Info: Processing ended: Sun Mar 03 21:21:03 2024
    Info: Elapsed time: 00:00:05
=======
    Info: Version 18.1.0 Build 625 09/12/2018 SJ Standard Edition
    Info: Processing started: Mon Mar 04 13:52:39 2024
Info: Command: quartus_eda --read_settings_files=off --write_settings_files=off CPU -c CPU
Warning (18236): Number of processors has not been specified which may cause overloading on shared machines.  Set the global assignment NUM_PARALLEL_PROCESSORS in your QSF to an appropriate value for best performance.
Warning (10905): Generated the EDA functional simulation netlist because it is the only supported netlist type for this device.
Info (204019): Generated file CPU.vo in folder "C:/Users/19cmb13/CPU-Project/simulation/modelsim/" for EDA simulation tool
Info: Quartus Prime EDA Netlist Writer was successful. 0 errors, 2 warnings
    Info: Peak virtual memory: 4736 megabytes
    Info: Processing ended: Mon Mar 04 13:52:41 2024
    Info: Elapsed time: 00:00:02
>>>>>>> main
    Info: Total CPU time (on all processors): 00:00:01


